<?xml version="1.0" encoding="UTF-8"?>
<testng-results ignored="0" total="30" passed="30" failed="0" skipped="0">
  <reporter-output>
  </reporter-output>
  <suite started-at="2026-05-23T12:58:43 IST" name="Default suite" finished-at="2026-05-23T12:59:24 IST" duration-ms="41076">
    <groups>
      <group name="cucumber">
        <method signature="AbstractTestNGCucumberTests.runScenario(io.cucumber.testng.PickleWrapper,io.cucumber.testng.FeatureWrapper)[pri:0, instance:runner.testRunner@7e6f74c]" name="runScenario" class="io.cucumber.testng.AbstractTestNGCucumberTests"/>
      </group> <!-- cucumber -->
    </groups>
    <test started-at="2026-05-23T12:58:43 IST" name="Default test" finished-at="2026-05-23T12:59:24 IST" duration-ms="41076">
      <class name="runner.testRunner">
        <test-method is-config="true" signature="setUpClass(org.testng.ITestContext)[pri:0, instance:runner.testRunner@7e6f74c]" started-at="2026-05-23T12:58:43 IST" name="setUpClass" finished-at="2026-05-23T12:58:46 IST" duration-ms="2958" status="PASS">
          <params>
            <param index="0">
              <value>
                <![CDATA[org.testng.TestRunner@395197cb]]>
              </value>
            </param>
          </params>
          <reporter-output>
          </reporter-output>
        </test-method> <!-- setUpClass -->
        <test-method signature="runScenario(io.cucumber.testng.PickleWrapper,io.cucumber.testng.FeatureWrapper)[pri:0, instance:runner.testRunner@7e6f74c]" started-at="2026-05-23T12:58:46 IST" name="runScenario" description="Runs Cucumber Scenarios" data-provider="scenarios" finished-at="2026-05-23T12:58:48 IST" duration-ms="2270" status="PASS">
          <params>
            <param index="0">
              <value>
                <![CDATA["Valid Login"]]>
              </value>
            </param>
            <param index="1">
              <value>
                <![CDATA["Login Feature"]]>
              </value>
            </param>
          </params>
          <reporter-output>
          </reporter-output>
        </test-method> <!-- runScenario -->
        <test-method signature="runScenario(io.cucumber.testng.PickleWrapper,io.cucumber.testng.FeatureWrapper)[pri:0, instance:runner.testRunner@7e6f74c]" started-at="2026-05-23T12:58:48 IST" name="runScenario" description="Runs Cucumber Scenarios" data-provider="scenarios" finished-at="2026-05-23T12:58:48 IST" duration-ms="150" status="PASS">
          <params>
            <param index="0">
              <value>
                <![CDATA["Move to maindashboardb"]]>
              </value>
            </param>
            <param index="1">
              <value>
                <![CDATA["Main dashboard  Feature"]]>
              </value>
            </param>
          </params>
          <reporter-output>
          </reporter-output>
        </test-method> <!-- runScenario -->
        <test-method signature="runScenario(io.cucumber.testng.PickleWrapper,io.cucumber.testng.FeatureWrapper)[pri:0, instance:runner.testRunner@7e6f74c]" started-at="2026-05-23T12:58:48 IST" name="runScenario" description="Runs Cucumber Scenarios" data-provider="scenarios" finished-at="2026-05-23T12:58:49 IST" duration-ms="1113" status="PASS">
          <params>
            <param index="0">
              <value>
                <![CDATA["option selection"]]>
              </value>
            </param>
            <param index="1">
              <value>
                <![CDATA["Main dashboard  Feature"]]>
              </value>
            </param>
          </params>
          <reporter-output>
          </reporter-output>
        </test-method> <!-- runScenario -->
        <test-method signature="runScenario(io.cucumber.testng.PickleWrapper,io.cucumber.testng.FeatureWrapper)[pri:0, instance:runner.testRunner@7e6f74c]" started-at="2026-05-23T12:58:49 IST" name="runScenario" description="Runs Cucumber Scenarios" data-provider="scenarios" finished-at="2026-05-23T12:58:52 IST" duration-ms="2652" status="PASS">
          <params>
            <param index="0">
              <value>
                <![CDATA["Patient type Others"]]>
              </value>
            </param>
            <param index="1">
              <value>
                <![CDATA["Billing Feature"]]>
              </value>
            </param>
          </params>
          <reporter-output>
          </reporter-output>
        </test-method> <!-- runScenario -->
        <test-method signature="runScenario(io.cucumber.testng.PickleWrapper,io.cucumber.testng.FeatureWrapper)[pri:0, instance:runner.testRunner@7e6f74c]" started-at="2026-05-23T12:58:52 IST" name="runScenario" description="Runs Cucumber Scenarios" data-provider="scenarios" finished-at="2026-05-23T12:58:54 IST" duration-ms="2029" status="PASS">
          <params>
            <param index="0">
              <value>
                <![CDATA["Patient type Others"]]>
              </value>
            </param>
            <param index="1">
              <value>
                <![CDATA["Billing Feature"]]>
              </value>
            </param>
          </params>
          <reporter-output>
          </reporter-output>
        </test-method> <!-- runScenario -->
        <test-method signature="runScenario(io.cucumber.testng.PickleWrapper,io.cucumber.testng.FeatureWrapper)[pri:0, instance:runner.testRunner@7e6f74c]" started-at="2026-05-23T12:58:54 IST" name="runScenario" description="Runs Cucumber Scenarios" data-provider="scenarios" finished-at="2026-05-23T12:58:56 IST" duration-ms="2069" status="PASS">
          <params>
            <param index="0">
              <value>
                <![CDATA["OTHERS Patient type Require field validation"]]>
              </value>
            </param>
            <param index="1">
              <value>
                <![CDATA["Billing Feature"]]>
              </value>
            </param>
          </params>
          <reporter-output>
          </reporter-output>
        </test-method> <!-- runScenario -->
        <test-method signature="runScenario(io.cucumber.testng.PickleWrapper,io.cucumber.testng.FeatureWrapper)[pri:0, instance:runner.testRunner@7e6f74c]" started-at="2026-05-23T12:58:56 IST" name="runScenario" description="Runs Cucumber Scenarios" data-provider="scenarios" finished-at="2026-05-23T12:58:58 IST" duration-ms="2047" status="PASS">
          <params>
            <param index="0">
              <value>
                <![CDATA["STAFFS Patient type Require field validation"]]>
              </value>
            </param>
            <param index="1">
              <value>
                <![CDATA["Billing Feature"]]>
              </value>
            </param>
          </params>
          <reporter-output>
          </reporter-output>
        </test-method> <!-- runScenario -->
        <test-method signature="runScenario(io.cucumber.testng.PickleWrapper,io.cucumber.testng.FeatureWrapper)[pri:0, instance:runner.testRunner@7e6f74c]" started-at="2026-05-23T12:58:58 IST" name="runScenario" description="Runs Cucumber Scenarios" data-provider="scenarios" finished-at="2026-05-23T12:58:58 IST" duration-ms="224" status="PASS">
          <params>
            <param index="0">
              <value>
                <![CDATA["Character required validation in UIN field"]]>
              </value>
            </param>
            <param index="1">
              <value>
                <![CDATA["Billing Feature"]]>
              </value>
            </param>
          </params>
          <reporter-output>
          </reporter-output>
        </test-method> <!-- runScenario -->
        <test-method signature="runScenario(io.cucumber.testng.PickleWrapper,io.cucumber.testng.FeatureWrapper)[pri:0, instance:runner.testRunner@7e6f74c]" started-at="2026-05-23T12:58:58 IST" name="runScenario" description="Runs Cucumber Scenarios" data-provider="scenarios" finished-at="2026-05-23T12:58:59 IST" duration-ms="974" status="PASS">
          <params>
            <param index="0">
              <value>
                <![CDATA["INVALID PIN"]]>
              </value>
            </param>
            <param index="1">
              <value>
                <![CDATA["Billing Feature"]]>
              </value>
            </param>
          </params>
          <reporter-output>
          </reporter-output>
        </test-method> <!-- runScenario -->
        <test-method signature="runScenario(io.cucumber.testng.PickleWrapper,io.cucumber.testng.FeatureWrapper)[pri:0, instance:runner.testRunner@7e6f74c]" started-at="2026-05-23T12:58:59 IST" name="runScenario" description="Runs Cucumber Scenarios" data-provider="scenarios" finished-at="2026-05-23T12:59:00 IST" duration-ms="817" status="PASS">
          <params>
            <param index="0">
              <value>
                <![CDATA["UIN empty --> Try to fill Tests ---> (Staffs and Others only allow for it)"]]>
              </value>
            </param>
            <param index="1">
              <value>
                <![CDATA["Billing Feature"]]>
              </value>
            </param>
          </params>
          <reporter-output>
          </reporter-output>
        </test-method> <!-- runScenario -->
        <test-method signature="runScenario(io.cucumber.testng.PickleWrapper,io.cucumber.testng.FeatureWrapper)[pri:0, instance:runner.testRunner@7e6f74c]" started-at="2026-05-23T12:59:00 IST" name="runScenario" description="Runs Cucumber Scenarios" data-provider="scenarios" finished-at="2026-05-23T12:59:00 IST" duration-ms="386" status="PASS">
          <params>
            <param index="0">
              <value>
                <![CDATA["UIN Required alert"]]>
              </value>
            </param>
            <param index="1">
              <value>
                <![CDATA["Billing Feature"]]>
              </value>
            </param>
          </params>
          <reporter-output>
          </reporter-output>
        </test-method> <!-- runScenario -->
        <test-method signature="runScenario(io.cucumber.testng.PickleWrapper,io.cucumber.testng.FeatureWrapper)[pri:0, instance:runner.testRunner@7e6f74c]" started-at="2026-05-23T12:59:00 IST" name="runScenario" description="Runs Cucumber Scenarios" data-provider="scenarios" finished-at="2026-05-23T12:59:01 IST" duration-ms="114" status="PASS">
          <params>
            <param index="0">
              <value>
                <![CDATA["Invalid UIN input field"]]>
              </value>
            </param>
            <param index="1">
              <value>
                <![CDATA["Billing Feature"]]>
              </value>
            </param>
          </params>
          <reporter-output>
          </reporter-output>
        </test-method> <!-- runScenario -->
        <test-method signature="runScenario(io.cucumber.testng.PickleWrapper,io.cucumber.testng.FeatureWrapper)[pri:0, instance:runner.testRunner@7e6f74c]" started-at="2026-05-23T12:59:01 IST" name="runScenario" description="Runs Cucumber Scenarios" data-provider="scenarios" finished-at="2026-05-23T12:59:01 IST" duration-ms="168" status="PASS">
          <params>
            <param index="0">
              <value>
                <![CDATA["UIN input field"]]>
              </value>
            </param>
            <param index="1">
              <value>
                <![CDATA["Billing Feature"]]>
              </value>
            </param>
          </params>
          <reporter-output>
          </reporter-output>
        </test-method> <!-- runScenario -->
        <test-method signature="runScenario(io.cucumber.testng.PickleWrapper,io.cucumber.testng.FeatureWrapper)[pri:0, instance:runner.testRunner@7e6f74c]" started-at="2026-05-23T12:59:01 IST" name="runScenario" description="Runs Cucumber Scenarios" data-provider="scenarios" finished-at="2026-05-23T12:59:01 IST" duration-ms="200" status="PASS">
          <params>
            <param index="0">
              <value>
                <![CDATA["MRN FIELD"]]>
              </value>
            </param>
            <param index="1">
              <value>
                <![CDATA["Billing Feature"]]>
              </value>
            </param>
          </params>
          <reporter-output>
          </reporter-output>
        </test-method> <!-- runScenario -->
        <test-method signature="runScenario(io.cucumber.testng.PickleWrapper,io.cucumber.testng.FeatureWrapper)[pri:0, instance:runner.testRunner@7e6f74c]" started-at="2026-05-23T12:59:01 IST" name="runScenario" description="Runs Cucumber Scenarios" data-provider="scenarios" finished-at="2026-05-23T12:59:02 IST" duration-ms="637" status="PASS">
          <params>
            <param index="0">
              <value>
                <![CDATA["Patient demography display"]]>
              </value>
            </param>
            <param index="1">
              <value>
                <![CDATA["Billing Feature"]]>
              </value>
            </param>
          </params>
          <reporter-output>
          </reporter-output>
        </test-method> <!-- runScenario -->
        <test-method signature="runScenario(io.cucumber.testng.PickleWrapper,io.cucumber.testng.FeatureWrapper)[pri:0, instance:runner.testRunner@7e6f74c]" started-at="2026-05-23T12:59:02 IST" name="runScenario" description="Runs Cucumber Scenarios" data-provider="scenarios" finished-at="2026-05-23T12:59:02 IST" duration-ms="228" status="PASS">
          <params>
            <param index="0">
              <value>
                <![CDATA["Dropdown field"]]>
              </value>
            </param>
            <param index="1">
              <value>
                <![CDATA["Billing Feature"]]>
              </value>
            </param>
          </params>
          <reporter-output>
          </reporter-output>
        </test-method> <!-- runScenario -->
        <test-method signature="runScenario(io.cucumber.testng.PickleWrapper,io.cucumber.testng.FeatureWrapper)[pri:0, instance:runner.testRunner@7e6f74c]" started-at="2026-05-23T12:59:02 IST" name="runScenario" description="Runs Cucumber Scenarios" data-provider="scenarios" finished-at="2026-05-23T12:59:02 IST" duration-ms="80" status="PASS">
          <params>
            <param index="0">
              <value>
                <![CDATA["Advised by dropdown field"]]>
              </value>
            </param>
            <param index="1">
              <value>
                <![CDATA["Billing Feature"]]>
              </value>
            </param>
          </params>
          <reporter-output>
          </reporter-output>
        </test-method> <!-- runScenario -->
        <test-method signature="runScenario(io.cucumber.testng.PickleWrapper,io.cucumber.testng.FeatureWrapper)[pri:0, instance:runner.testRunner@7e6f74c]" started-at="2026-05-23T12:59:02 IST" name="runScenario" description="Runs Cucumber Scenarios" data-provider="scenarios" finished-at="2026-05-23T12:59:02 IST" duration-ms="505" status="PASS">
          <params>
            <param index="0">
              <value>
                <![CDATA["Test table contents"]]>
              </value>
            </param>
            <param index="1">
              <value>
                <![CDATA["Billing Feature"]]>
              </value>
            </param>
          </params>
          <reporter-output>
          </reporter-output>
        </test-method> <!-- runScenario -->
        <test-method signature="runScenario(io.cucumber.testng.PickleWrapper,io.cucumber.testng.FeatureWrapper)[pri:0, instance:runner.testRunner@7e6f74c]" started-at="2026-05-23T12:59:02 IST" name="runScenario" description="Runs Cucumber Scenarios" data-provider="scenarios" finished-at="2026-05-23T12:59:02 IST" duration-ms="98" status="PASS">
          <params>
            <param index="0">
              <value>
                <![CDATA["Patient Category"]]>
              </value>
            </param>
            <param index="1">
              <value>
                <![CDATA["Billing Feature"]]>
              </value>
            </param>
          </params>
          <reporter-output>
          </reporter-output>
        </test-method> <!-- runScenario -->
        <test-method signature="runScenario(io.cucumber.testng.PickleWrapper,io.cucumber.testng.FeatureWrapper)[pri:0, instance:runner.testRunner@7e6f74c]" started-at="2026-05-23T12:59:02 IST" name="runScenario" description="Runs Cucumber Scenarios" data-provider="scenarios" finished-at="2026-05-23T12:59:09 IST" duration-ms="6872" status="PASS">
          <params>
            <param index="0">
              <value>
                <![CDATA["Corporate details"]]>
              </value>
            </param>
            <param index="1">
              <value>
                <![CDATA["Billing Feature"]]>
              </value>
            </param>
          </params>
          <reporter-output>
          </reporter-output>
        </test-method> <!-- runScenario -->
        <test-method signature="runScenario(io.cucumber.testng.PickleWrapper,io.cucumber.testng.FeatureWrapper)[pri:0, instance:runner.testRunner@7e6f74c]" started-at="2026-05-23T12:59:09 IST" name="runScenario" description="Runs Cucumber Scenarios" data-provider="scenarios" finished-at="2026-05-23T12:59:10 IST" duration-ms="1058" status="PASS">
          <params>
            <param index="0">
              <value>
                <![CDATA["Credit card selection"]]>
              </value>
            </param>
            <param index="1">
              <value>
                <![CDATA["Billing Feature"]]>
              </value>
            </param>
          </params>
          <reporter-output>
          </reporter-output>
        </test-method> <!-- runScenario -->
        <test-method signature="runScenario(io.cucumber.testng.PickleWrapper,io.cucumber.testng.FeatureWrapper)[pri:0, instance:runner.testRunner@7e6f74c]" started-at="2026-05-23T12:59:10 IST" name="runScenario" description="Runs Cucumber Scenarios" data-provider="scenarios" finished-at="2026-05-23T12:59:11 IST" duration-ms="282" status="PASS">
          <params>
            <param index="0">
              <value>
                <![CDATA["Fill test for subsidy"]]>
              </value>
            </param>
            <param index="1">
              <value>
                <![CDATA["Billing Feature"]]>
              </value>
            </param>
          </params>
          <reporter-output>
          </reporter-output>
        </test-method> <!-- runScenario -->
        <test-method signature="runScenario(io.cucumber.testng.PickleWrapper,io.cucumber.testng.FeatureWrapper)[pri:0, instance:runner.testRunner@7e6f74c]" started-at="2026-05-23T12:59:11 IST" name="runScenario" description="Runs Cucumber Scenarios" data-provider="scenarios" finished-at="2026-05-23T12:59:12 IST" duration-ms="1675" status="PASS">
          <params>
            <param index="0">
              <value>
                <![CDATA["CASH payment with Subsidy selection"]]>
              </value>
            </param>
            <param index="1">
              <value>
                <![CDATA["Billing Feature"]]>
              </value>
            </param>
          </params>
          <reporter-output>
          </reporter-output>
        </test-method> <!-- runScenario -->
        <test-method signature="runScenario(io.cucumber.testng.PickleWrapper,io.cucumber.testng.FeatureWrapper)[pri:0, instance:runner.testRunner@7e6f74c]" started-at="2026-05-23T12:59:12 IST" name="runScenario" description="Runs Cucumber Scenarios" data-provider="scenarios" finished-at="2026-05-23T12:59:15 IST" duration-ms="2166" status="PASS">
          <params>
            <param index="0">
              <value>
                <![CDATA["CASH payment with Concession selection"]]>
              </value>
            </param>
            <param index="1">
              <value>
                <![CDATA["Billing Feature"]]>
              </value>
            </param>
          </params>
          <reporter-output>
          </reporter-output>
        </test-method> <!-- runScenario -->
        <test-method signature="runScenario(io.cucumber.testng.PickleWrapper,io.cucumber.testng.FeatureWrapper)[pri:0, instance:runner.testRunner@7e6f74c]" started-at="2026-05-23T12:59:15 IST" name="runScenario" description="Runs Cucumber Scenarios" data-provider="scenarios" finished-at="2026-05-23T12:59:15 IST" duration-ms="879" status="PASS">
          <params>
            <param index="0">
              <value>
                <![CDATA["CASH payment selection"]]>
              </value>
            </param>
            <param index="1">
              <value>
                <![CDATA["Billing Feature"]]>
              </value>
            </param>
          </params>
          <reporter-output>
          </reporter-output>
        </test-method> <!-- runScenario -->
        <test-method signature="runScenario(io.cucumber.testng.PickleWrapper,io.cucumber.testng.FeatureWrapper)[pri:0, instance:runner.testRunner@7e6f74c]" started-at="2026-05-23T12:59:15 IST" name="runScenario" description="Runs Cucumber Scenarios" data-provider="scenarios" finished-at="2026-05-23T12:59:17 IST" duration-ms="1596" status="PASS">
          <params>
            <param index="0">
              <value>
                <![CDATA["UPI payment selection"]]>
              </value>
            </param>
            <param index="1">
              <value>
                <![CDATA["Billing Feature"]]>
              </value>
            </param>
          </params>
          <reporter-output>
          </reporter-output>
        </test-method> <!-- runScenario -->
        <test-method signature="runScenario(io.cucumber.testng.PickleWrapper,io.cucumber.testng.FeatureWrapper)[pri:0, instance:runner.testRunner@7e6f74c]" started-at="2026-05-23T12:59:17 IST" name="runScenario" description="Runs Cucumber Scenarios" data-provider="scenarios" finished-at="2026-05-23T12:59:18 IST" duration-ms="1268" status="PASS">
          <params>
            <param index="0">
              <value>
                <![CDATA["NEFT payment selection"]]>
              </value>
            </param>
            <param index="1">
              <value>
                <![CDATA["Billing Feature"]]>
              </value>
            </param>
          </params>
          <reporter-output>
          </reporter-output>
        </test-method> <!-- runScenario -->
        <test-method signature="runScenario(io.cucumber.testng.PickleWrapper,io.cucumber.testng.FeatureWrapper)[pri:0, instance:runner.testRunner@7e6f74c]" started-at="2026-05-23T12:59:18 IST" name="runScenario" description="Runs Cucumber Scenarios" data-provider="scenarios" finished-at="2026-05-23T12:59:20 IST" duration-ms="2219" status="PASS">
          <params>
            <param index="0">
              <value>
                <![CDATA["valid Test data for bill entry with cash"]]>
              </value>
            </param>
            <param index="1">
              <value>
                <![CDATA["Billing Feature"]]>
              </value>
            </param>
          </params>
          <reporter-output>
          </reporter-output>
        </test-method> <!-- runScenario -->
        <test-method signature="runScenario(io.cucumber.testng.PickleWrapper,io.cucumber.testng.FeatureWrapper)[pri:0, instance:runner.testRunner@7e6f74c]" started-at="2026-05-23T12:59:20 IST" name="runScenario" description="Runs Cucumber Scenarios" data-provider="scenarios" finished-at="2026-05-23T12:59:21 IST" duration-ms="227" status="PASS">
          <params>
            <param index="0">
              <value>
                <![CDATA["After give full payment try CORPORATE"]]>
              </value>
            </param>
            <param index="1">
              <value>
                <![CDATA["Billing Feature"]]>
              </value>
            </param>
          </params>
          <reporter-output>
          </reporter-output>
        </test-method> <!-- runScenario -->
        <test-method signature="runScenario(io.cucumber.testng.PickleWrapper,io.cucumber.testng.FeatureWrapper)[pri:0, instance:runner.testRunner@7e6f74c]" started-at="2026-05-23T12:59:21 IST" name="runScenario" description="Runs Cucumber Scenarios" data-provider="scenarios" finished-at="2026-05-23T12:59:24 IST" duration-ms="3003" status="PASS">
          <params>
            <param index="0">
              <value>
                <![CDATA["Save billing"]]>
              </value>
            </param>
            <param index="1">
              <value>
                <![CDATA["Billing Feature"]]>
              </value>
            </param>
          </params>
          <reporter-output>
          </reporter-output>
        </test-method> <!-- runScenario -->
        <test-method is-config="true" signature="tearDownClass()[pri:0, instance:runner.testRunner@7e6f74c]" started-at="2026-05-23T12:59:24 IST" name="tearDownClass" finished-at="2026-05-23T12:59:24 IST" duration-ms="1" status="PASS">
          <reporter-output>
          </reporter-output>
        </test-method> <!-- tearDownClass -->
      </class> <!-- runner.testRunner -->
    </test> <!-- Default test -->
  </suite> <!-- Default suite -->
</testng-results>
