<?xml version="1.0" encoding="UTF-8"?>
<testng-results ignored="0" total="11" passed="11" failed="0" skipped="0">
  <reporter-output>
  </reporter-output>
  <suite started-at="2026-05-19T17:02:46 IST" name="Default suite" finished-at="2026-05-19T17:02:55 IST" duration-ms="9210">
    <groups>
      <group name="cucumber">
        <method signature="AbstractTestNGCucumberTests.runScenario(io.cucumber.testng.PickleWrapper,io.cucumber.testng.FeatureWrapper)[pri:0, instance:runner.testRunner@7e6f74c]" name="runScenario" class="io.cucumber.testng.AbstractTestNGCucumberTests"/>
      </group> <!-- cucumber -->
    </groups>
    <test started-at="2026-05-19T17:02:46 IST" name="Default test" finished-at="2026-05-19T17:02:55 IST" duration-ms="9210">
      <class name="runner.testRunner">
        <test-method is-config="true" signature="setUpClass(org.testng.ITestContext)[pri:0, instance:runner.testRunner@7e6f74c]" started-at="2026-05-19T17:02:46 IST" name="setUpClass" finished-at="2026-05-19T17:02:49 IST" duration-ms="2859" status="PASS">
          <params>
            <param index="0">
              <value>
                <![CDATA[org.testng.TestRunner@6aba5d30]]>
              </value>
            </param>
          </params>
          <reporter-output>
          </reporter-output>
        </test-method> <!-- setUpClass -->
        <test-method signature="runScenario(io.cucumber.testng.PickleWrapper,io.cucumber.testng.FeatureWrapper)[pri:0, instance:runner.testRunner@7e6f74c]" started-at="2026-05-19T17:02:49 IST" name="runScenario" description="Runs Cucumber Scenarios" data-provider="scenarios" finished-at="2026-05-19T17:02:50 IST" duration-ms="1275" status="PASS">
          <params>
            <param index="0">
              <value>
                <![CDATA["Valid Login"]]>
              </value>
            </param>
            <param index="1">
              <value>
                <![CDATA["Login Feature"]]>
              </value>
            </param>
          </params>
          <reporter-output>
          </reporter-output>
        </test-method> <!-- runScenario -->
        <test-method signature="runScenario(io.cucumber.testng.PickleWrapper,io.cucumber.testng.FeatureWrapper)[pri:0, instance:runner.testRunner@7e6f74c]" started-at="2026-05-19T17:02:50 IST" name="runScenario" description="Runs Cucumber Scenarios" data-provider="scenarios" finished-at="2026-05-19T17:02:50 IST" duration-ms="184" status="PASS">
          <params>
            <param index="0">
              <value>
                <![CDATA["Move to maindashboardb"]]>
              </value>
            </param>
            <param index="1">
              <value>
                <![CDATA["Main dashboard  Feature"]]>
              </value>
            </param>
          </params>
          <reporter-output>
          </reporter-output>
        </test-method> <!-- runScenario -->
        <test-method signature="runScenario(io.cucumber.testng.PickleWrapper,io.cucumber.testng.FeatureWrapper)[pri:0, instance:runner.testRunner@7e6f74c]" started-at="2026-05-19T17:02:50 IST" name="runScenario" description="Runs Cucumber Scenarios" data-provider="scenarios" finished-at="2026-05-19T17:02:51 IST" duration-ms="1071" status="PASS">
          <params>
            <param index="0">
              <value>
                <![CDATA["option selection"]]>
              </value>
            </param>
            <param index="1">
              <value>
                <![CDATA["Main dashboard  Feature"]]>
              </value>
            </param>
          </params>
          <reporter-output>
          </reporter-output>
        </test-method> <!-- runScenario -->
        <test-method signature="runScenario(io.cucumber.testng.PickleWrapper,io.cucumber.testng.FeatureWrapper)[pri:0, instance:runner.testRunner@7e6f74c]" started-at="2026-05-19T17:02:51 IST" name="runScenario" description="Runs Cucumber Scenarios" data-provider="scenarios" finished-at="2026-05-19T17:02:52 IST" duration-ms="840" status="PASS">
          <params>
            <param index="0">
              <value>
                <![CDATA["UIN input field"]]>
              </value>
            </param>
            <param index="1">
              <value>
                <![CDATA["Billing Feature"]]>
              </value>
            </param>
          </params>
          <reporter-output>
          </reporter-output>
        </test-method> <!-- runScenario -->
        <test-method signature="runScenario(io.cucumber.testng.PickleWrapper,io.cucumber.testng.FeatureWrapper)[pri:0, instance:runner.testRunner@7e6f74c]" started-at="2026-05-19T17:02:52 IST" name="runScenario" description="Runs Cucumber Scenarios" data-provider="scenarios" finished-at="2026-05-19T17:02:52 IST" duration-ms="252" status="PASS">
          <params>
            <param index="0">
              <value>
                <![CDATA["MRN FIELD"]]>
              </value>
            </param>
            <param index="1">
              <value>
                <![CDATA["Billing Feature"]]>
              </value>
            </param>
          </params>
          <reporter-output>
          </reporter-output>
        </test-method> <!-- runScenario -->
        <test-method signature="runScenario(io.cucumber.testng.PickleWrapper,io.cucumber.testng.FeatureWrapper)[pri:0, instance:runner.testRunner@7e6f74c]" started-at="2026-05-19T17:02:52 IST" name="runScenario" description="Runs Cucumber Scenarios" data-provider="scenarios" finished-at="2026-05-19T17:02:53 IST" duration-ms="618" status="PASS">
          <params>
            <param index="0">
              <value>
                <![CDATA["Patient demography display"]]>
              </value>
            </param>
            <param index="1">
              <value>
                <![CDATA["Billing Feature"]]>
              </value>
            </param>
          </params>
          <reporter-output>
          </reporter-output>
        </test-method> <!-- runScenario -->
        <test-method signature="runScenario(io.cucumber.testng.PickleWrapper,io.cucumber.testng.FeatureWrapper)[pri:0, instance:runner.testRunner@7e6f74c]" started-at="2026-05-19T17:02:53 IST" name="runScenario" description="Runs Cucumber Scenarios" data-provider="scenarios" finished-at="2026-05-19T17:02:53 IST" duration-ms="141" status="PASS">
          <params>
            <param index="0">
              <value>
                <![CDATA["Advised by dropdown field"]]>
              </value>
            </param>
            <param index="1">
              <value>
                <![CDATA["Billing Feature"]]>
              </value>
            </param>
          </params>
          <reporter-output>
          </reporter-output>
        </test-method> <!-- runScenario -->
        <test-method signature="runScenario(io.cucumber.testng.PickleWrapper,io.cucumber.testng.FeatureWrapper)[pri:0, instance:runner.testRunner@7e6f74c]" started-at="2026-05-19T17:02:53 IST" name="runScenario" description="Runs Cucumber Scenarios" data-provider="scenarios" finished-at="2026-05-19T17:02:54 IST" duration-ms="693" status="PASS">
          <params>
            <param index="0">
              <value>
                <![CDATA["Test table contents"]]>
              </value>
            </param>
            <param index="1">
              <value>
                <![CDATA["Billing Feature"]]>
              </value>
            </param>
          </params>
          <reporter-output>
          </reporter-output>
        </test-method> <!-- runScenario -->
        <test-method signature="runScenario(io.cucumber.testng.PickleWrapper,io.cucumber.testng.FeatureWrapper)[pri:0, instance:runner.testRunner@7e6f74c]" started-at="2026-05-19T17:02:54 IST" name="runScenario" description="Runs Cucumber Scenarios" data-provider="scenarios" finished-at="2026-05-19T17:02:54 IST" duration-ms="130" status="PASS">
          <params>
            <param index="0">
              <value>
                <![CDATA["Patient Category"]]>
              </value>
            </param>
            <param index="1">
              <value>
                <![CDATA["Billing Feature"]]>
              </value>
            </param>
          </params>
          <reporter-output>
          </reporter-output>
        </test-method> <!-- runScenario -->
        <test-method signature="runScenario(io.cucumber.testng.PickleWrapper,io.cucumber.testng.FeatureWrapper)[pri:0, instance:runner.testRunner@7e6f74c]" started-at="2026-05-19T17:02:54 IST" name="runScenario" description="Runs Cucumber Scenarios" data-provider="scenarios" finished-at="2026-05-19T17:02:54 IST" duration-ms="192" status="PASS">
          <params>
            <param index="0">
              <value>
                <![CDATA["Payment Type"]]>
              </value>
            </param>
            <param index="1">
              <value>
                <![CDATA["Billing Feature"]]>
              </value>
            </param>
          </params>
          <reporter-output>
          </reporter-output>
        </test-method> <!-- runScenario -->
        <test-method signature="runScenario(io.cucumber.testng.PickleWrapper,io.cucumber.testng.FeatureWrapper)[pri:0, instance:runner.testRunner@7e6f74c]" started-at="2026-05-19T17:02:54 IST" name="runScenario" description="Runs Cucumber Scenarios" data-provider="scenarios" finished-at="2026-05-19T17:02:55 IST" duration-ms="873" status="PASS">
          <params>
            <param index="0">
              <value>
                <![CDATA["NEFT payment selection"]]>
              </value>
            </param>
            <param index="1">
              <value>
                <![CDATA["Billing Feature"]]>
              </value>
            </param>
          </params>
          <reporter-output>
          </reporter-output>
        </test-method> <!-- runScenario -->
        <test-method is-config="true" signature="tearDownClass()[pri:0, instance:runner.testRunner@7e6f74c]" started-at="2026-05-19T17:02:55 IST" name="tearDownClass" finished-at="2026-05-19T17:02:55 IST" duration-ms="5" status="PASS">
          <reporter-output>
          </reporter-output>
        </test-method> <!-- tearDownClass -->
      </class> <!-- runner.testRunner -->
    </test> <!-- Default test -->
  </suite> <!-- Default suite -->
</testng-results>
