<?xml version="1.0" encoding="UTF-8"?>
<!-- Generated by org.testng.reporters.JUnitReportReporter -->
<testsuite hostname="DMDULBGFTRG0007" failures="0" tests="5" name="runner.testRunner" time="4.979" errors="0" timestamp="2026-05-18T12:53:09 IST" skipped="0">
  <testcase classname="runner.testRunner" name="runScenario" time="1.307"/>
  <testcase classname="runner.testRunner" name="runScenario" time="0.212"/>
  <testcase classname="runner.testRunner" name="runScenario" time="0.173"/>
  <testcase classname="runner.testRunner" name="runScenario" time="1.122"/>
  <testcase classname="runner.testRunner" name="runScenario" time="2.165"/>
</testsuite> <!-- runner.testRunner -->
