<?xml version="1.0" encoding="UTF-8"?>
<!-- Generated by org.testng.reporters.JUnitReportReporter -->
<testsuite hostname="DMDULBGFTRG0007" failures="0" tests="28" name="runner.testRunner" time="28.568" errors="0" timestamp="2026-05-22T12:30:57 IST" skipped="0">
  <testcase classname="runner.testRunner" name="runScenario" time="1.934"/>
  <testcase classname="runner.testRunner" name="runScenario" time="0.718"/>
  <testcase classname="runner.testRunner" name="runScenario" time="0.286"/>
  <testcase classname="runner.testRunner" name="runScenario" time="1.012"/>
  <testcase classname="runner.testRunner" name="runScenario" time="1.008"/>
  <testcase classname="runner.testRunner" name="runScenario" time="0.366"/>
  <testcase classname="runner.testRunner" name="runScenario" time="0.260"/>
  <testcase classname="runner.testRunner" name="runScenario" time="2.330"/>
  <testcase classname="runner.testRunner" name="runScenario" time="1.059"/>
  <testcase classname="runner.testRunner" name="runScenario" time="1.377"/>
  <testcase classname="runner.testRunner" name="runScenario" time="2.467"/>
  <testcase classname="runner.testRunner" name="runScenario" time="1.622"/>
  <testcase classname="runner.testRunner" name="runScenario" time="0.109"/>
  <testcase classname="runner.testRunner" name="runScenario" time="1.399"/>
  <testcase classname="runner.testRunner" name="runScenario" time="0.608"/>
  <testcase classname="runner.testRunner" name="runScenario" time="0.143"/>
  <testcase classname="runner.testRunner" name="runScenario" time="2.050"/>
  <testcase classname="runner.testRunner" name="runScenario" time="0.870"/>
  <testcase classname="runner.testRunner" name="runScenario" time="1.695"/>
  <testcase classname="runner.testRunner" name="runScenario" time="2.107"/>
  <testcase classname="runner.testRunner" name="runScenario" time="0.145"/>
  <testcase classname="runner.testRunner" name="runScenario" time="0.187"/>
  <testcase classname="runner.testRunner" name="runScenario" time="0.924"/>
  <testcase classname="runner.testRunner" name="runScenario" time="0.169"/>
  <testcase classname="runner.testRunner" name="runScenario" time="0.599"/>
  <testcase classname="runner.testRunner" name="runScenario" time="1.653"/>
  <testcase classname="runner.testRunner" name="runScenario" time="0.296"/>
  <testcase classname="runner.testRunner" name="runScenario" time="1.175"/>
</testsuite> <!-- runner.testRunner -->
